<?xml version="1.0" encoding="UTF-8"?>
<testng-results ignored="0" total="4" passed="4" failed="0" skipped="0">
  <reporter-output>
  </reporter-output>
  <suite started-at="2023-05-25T13:16:06 EET" name="RestAssuredTest" finished-at="2023-05-25T13:16:10 EET" duration-ms="3615">
    <groups>
    </groups>
    <test started-at="2023-05-25T13:16:06 EET" name="Command line test" finished-at="2023-05-25T13:16:10 EET" duration-ms="3615">
      <class name="RestAssuredTest">
        <test-method is-config="true" signature="setup()[pri:0, instance:RestAssuredTest@f79e]" started-at="2023-05-25T13:16:06 EET" name="setup" finished-at="2023-05-25T13:16:07 EET" duration-ms="588" status="PASS">
          <reporter-output>
          </reporter-output>
        </test-method> <!-- setup -->
        <test-method signature="testCreateUser()[pri:0, instance:RestAssuredTest@f79e]" started-at="2023-05-25T13:16:07 EET" name="testCreateUser" finished-at="2023-05-25T13:16:09 EET" duration-ms="2028" status="PASS">
          <reporter-output>
          </reporter-output>
        </test-method> <!-- testCreateUser -->
        <test-method signature="testGetAllUsers()[pri:0, instance:RestAssuredTest@f79e]" started-at="2023-05-25T13:16:09 EET" name="testGetAllUsers" finished-at="2023-05-25T13:16:09 EET" duration-ms="243" status="PASS">
          <reporter-output>
          </reporter-output>
        </test-method> <!-- testGetAllUsers -->
        <test-method signature="testDeleteUser()[pri:0, instance:RestAssuredTest@f79e]" started-at="2023-05-25T13:16:09 EET" name="testDeleteUser" finished-at="2023-05-25T13:16:10 EET" depends-on-methods="RestAssuredTest.testCreateUser" duration-ms="456" status="PASS">
          <reporter-output>
          </reporter-output>
        </test-method> <!-- testDeleteUser -->
        <test-method signature="testGetNewUserDetails()[pri:0, instance:RestAssuredTest@f79e]" started-at="2023-05-25T13:16:10 EET" name="testGetNewUserDetails" finished-at="2023-05-25T13:16:10 EET" depends-on-methods="RestAssuredTest.testCreateUser" duration-ms="235" status="PASS">
          <reporter-output>
          </reporter-output>
        </test-method> <!-- testGetNewUserDetails -->
      </class> <!-- RestAssuredTest -->
    </test> <!-- Command line test -->
  </suite> <!-- RestAssuredTest -->
</testng-results>
