<?xml version="1.0" encoding="UTF-8"?>
<!-- Generated by org.testng.reporters.JUnitXMLReporter -->
<testsuite ignored="0" hostname="LAPTOP-GGMSLPER" failures="0" tests="4" name="Command line test" time="3.615" errors="0" timestamp="2023-05-25T13:16:10 EET">
  <testcase classname="RestAssuredTest" name="testCreateUser" time="2.028"/>
  <testcase classname="RestAssuredTest" name="testGetAllUsers" time="0.243"/>
  <testcase classname="RestAssuredTest" name="testDeleteUser" time="0.456"/>
  <testcase classname="RestAssuredTest" name="testGetNewUserDetails" time="0.235"/>
</testsuite> <!-- Command line test -->
